<?xml version="1.0" encoding="utf-8"?><testsuites><testsuite name="pytest" errors="0" failures="0" skipped="2" tests="11" time="8.532" timestamp="2025-08-02T14:04:00.929062-04:00" hostname="eleanor"><testcase classname="tests.e2e.test_real_system_e2e.TestRealSystemE2E" name="test_real_binary_discovery" time="0.000"><skipped type="pytest.skip" message="Requires actual manager instances - skipping for real system tests">/home/nick/shannon-mcp/tests/e2e/test_real_system_e2e.py:96: Requires actual manager instances - skipping for real system tests</skipped></testcase><testcase classname="tests.e2e.test_real_system_e2e.TestRealSystemE2E" name="test_real_process_execution" time="0.137" /><testcase classname="tests.e2e.test_real_system_e2e.TestRealSystemE2E" name="test_real_filesystem_operations" time="0.002" /><testcase classname="tests.e2e.test_real_system_e2e.TestRealSystemE2E" name="test_real_git_operations" time="0.015" /><testcase classname="tests.e2e.test_real_system_e2e.TestRealSystemE2E" name="test_real_process_monitoring" time="0.654" /><testcase classname="tests.e2e.test_real_system_e2e.TestRealSystemE2E" name="test_real_resource_usage" time="0.142" /><testcase classname="tests.e2e.test_real_system_e2e.TestRealSystemE2E" name="test_real_sqlite_operations" time="0.008" /><testcase classname="tests.e2e.test_real_system_e2e.TestRealSystemE2E" name="test_real_network_operations" time="0.001" /><testcase classname="tests.e2e.test_real_system_e2e.TestRealSystemE2E" name="test_real_checkpoint_storage" time="0.001" /><testcase classname="tests.e2e.test_real_system_e2e.TestRealSystemE2E" name="test_real_performance_characteristics" time="0.145" /><testcase classname="tests.e2e.test_real_system_e2e.TestRealSystemE2E" name="test_real_complete_workflow" time="0.001"><skipped type="pytest.skip" message="Requires actual manager instances - skipping for real system tests">/home/nick/shannon-mcp/tests/e2e/test_real_system_e2e.py:475: Requires actual manager instances - skipping for real system tests</skipped></testcase></testsuite></testsuites>