<?xml version="1.0" encoding="utf-8"?><testsuites><testsuite name="pytest" errors="0" failures="2" skipped="0" tests="11" time="8.587" timestamp="2025-08-02T14:01:11.133558-04:00" hostname="eleanor"><testcase classname="tests.e2e.test_real_system_e2e.TestRealSystemE2E" name="test_real_binary_discovery" time="0.003"><failure message="AttributeError: 'async_generator' object has no attribute 'managers'">tests/e2e/test_real_system_e2e.py:98: in test_real_binary_discovery
    binary_manager = real_server_state.managers.get("binary")
E   AttributeError: 'async_generator' object has no attribute 'managers'</failure></testcase><testcase classname="tests.e2e.test_real_system_e2e.TestRealSystemE2E" name="test_real_process_execution" time="0.136" /><testcase classname="tests.e2e.test_real_system_e2e.TestRealSystemE2E" name="test_real_filesystem_operations" time="0.002" /><testcase classname="tests.e2e.test_real_system_e2e.TestRealSystemE2E" name="test_real_git_operations" time="0.015" /><testcase classname="tests.e2e.test_real_system_e2e.TestRealSystemE2E" name="test_real_process_monitoring" time="0.656" /><testcase classname="tests.e2e.test_real_system_e2e.TestRealSystemE2E" name="test_real_resource_usage" time="0.143" /><testcase classname="tests.e2e.test_real_system_e2e.TestRealSystemE2E" name="test_real_sqlite_operations" time="0.007" /><testcase classname="tests.e2e.test_real_system_e2e.TestRealSystemE2E" name="test_real_network_operations" time="0.001" /><testcase classname="tests.e2e.test_real_system_e2e.TestRealSystemE2E" name="test_real_checkpoint_storage" time="0.001" /><testcase classname="tests.e2e.test_real_system_e2e.TestRealSystemE2E" name="test_real_performance_characteristics" time="0.140" /><testcase classname="tests.e2e.test_real_system_e2e.TestRealSystemE2E" name="test_real_complete_workflow" time="0.001"><failure message="AttributeError: 'async_generator' object has no attribute 'managers'">tests/e2e/test_real_system_e2e.py:481: in test_real_complete_workflow
    project_manager = real_server_state.managers.get("project")
E   AttributeError: 'async_generator' object has no attribute 'managers'</failure></testcase></testsuite></testsuites>