<?xml version="1.0" encoding="utf-8"?><testsuites><testsuite name="pytest" errors="0" failures="2" skipped="0" tests="11" time="8.308" timestamp="2025-08-02T14:02:39.908936-04:00" hostname="eleanor"><testcase classname="tests.e2e.test_real_system_e2e.TestRealSystemE2E" name="test_real_binary_discovery" time="0.004"><failure message="AttributeError: 'dict' object has no attribute 'managers'">tests/e2e/test_real_system_e2e.py:99: in test_real_binary_discovery
    binary_manager = real_server_state.managers.get("binary")
E   AttributeError: 'dict' object has no attribute 'managers'</failure></testcase><testcase classname="tests.e2e.test_real_system_e2e.TestRealSystemE2E" name="test_real_process_execution" time="0.135" /><testcase classname="tests.e2e.test_real_system_e2e.TestRealSystemE2E" name="test_real_filesystem_operations" time="0.002" /><testcase classname="tests.e2e.test_real_system_e2e.TestRealSystemE2E" name="test_real_git_operations" time="0.015" /><testcase classname="tests.e2e.test_real_system_e2e.TestRealSystemE2E" name="test_real_process_monitoring" time="0.654" /><testcase classname="tests.e2e.test_real_system_e2e.TestRealSystemE2E" name="test_real_resource_usage" time="0.143" /><testcase classname="tests.e2e.test_real_system_e2e.TestRealSystemE2E" name="test_real_sqlite_operations" time="0.008" /><testcase classname="tests.e2e.test_real_system_e2e.TestRealSystemE2E" name="test_real_network_operations" time="0.001" /><testcase classname="tests.e2e.test_real_system_e2e.TestRealSystemE2E" name="test_real_checkpoint_storage" time="0.001" /><testcase classname="tests.e2e.test_real_system_e2e.TestRealSystemE2E" name="test_real_performance_characteristics" time="0.138" /><testcase classname="tests.e2e.test_real_system_e2e.TestRealSystemE2E" name="test_real_complete_workflow" time="0.001"><failure message="AttributeError: 'dict' object has no attribute 'managers'">tests/e2e/test_real_system_e2e.py:482: in test_real_complete_workflow
    project_manager = real_server_state.managers.get("project")
E   AttributeError: 'dict' object has no attribute 'managers'</failure></testcase></testsuite></testsuites>